<?xml version="1.0" encoding="utf-8"?><testsuites name="pytest tests"><testsuite name="pytest" errors="0" failures="0" skipped="0" tests="26" time="2.725" timestamp="2026-07-19T19:19:02.525270+00:00" hostname="agent-env-0c46a1e2-9fb1-402f-9dc8-6ecf2f7dd15b"><testcase classname="tests.test_sanctuary_v2" name="test_health_ok" time="0.287" /><testcase classname="tests.test_sanctuary_v2" name="test_ready_ok" time="0.047" /><testcase classname="tests.test_sanctuary_v2" name="test_security_headers_and_request_id" time="0.046" /><testcase classname="tests.test_sanctuary_v2" name="test_progress_updates_and_home_reflects" time="0.145" /><testcase classname="tests.test_sanctuary_v2" name="test_progress_id_mismatch_returns_400" time="0.047" /><testcase classname="tests.test_sanctuary_v2" name="test_notes_create_and_list_scoped" time="0.132" /><testcase classname="tests.test_sanctuary_v2" name="test_notes_update" time="0.096" /><testcase classname="tests.test_sanctuary_v2" name="test_notes_delete_and_scope_isolation" time="0.168" /><testcase classname="tests.test_sanctuary_v2" name="test_highlights_create_list_scoped" time="0.129" /><testcase classname="tests.test_sanctuary_v2" name="test_highlights_delete" time="0.086" /><testcase classname="tests.test_sanctuary_v2" name="test_history_returns_with_embedded_testimony" time="0.092" /><testcase classname="tests.test_sanctuary_v2" name="test_history_clear" time="0.090" /><testcase classname="tests.test_sanctuary_v2" name="test_analytics_event_play_start_increments_play_count" time="0.133" /><testcase classname="tests.test_sanctuary_v2" name="test_analytics_generic_event_does_not_touch_play_count" time="0.137" /><testcase classname="tests.test_sanctuary_v2" name="test_search_fields[all]" time="0.042" /><testcase classname="tests.test_sanctuary_v2" name="test_search_fields[title]" time="0.043" /><testcase classname="tests.test_sanctuary_v2" name="test_search_fields[speaker]" time="0.042" /><testcase classname="tests.test_sanctuary_v2" name="test_search_fields[category]" time="0.043" /><testcase classname="tests.test_sanctuary_v2" name="test_search_fields[language]" time="0.049" /><testcase classname="tests.test_sanctuary_v2" name="test_search_fields[verse]" time="0.045" /><testcase classname="tests.test_sanctuary_v2" name="test_search_fields[transcript]" time="0.043" /><testcase classname="tests.test_sanctuary_v2" name="test_patch_favorite_persists_and_filters" time="0.173" /><testcase classname="tests.test_sanctuary_v2" name="test_transcript_english_upload_and_get" time="0.094" /><testcase classname="tests.test_sanctuary_v2" name="test_transcript_invalid_language" time="0.042" /><testcase classname="tests.test_sanctuary_v2" name="test_transcript_rejects_oversized_file" time="0.044" /><testcase classname="tests.test_sanctuary_v2" name="test_no_mongo_id_leak_across_endpoints" time="0.307" /></testsuite></testsuites>