<?xml version="1.0" encoding="utf-8"?><testsuites name="pytest tests"><testsuite name="pytest" errors="0" failures="0" skipped="0" tests="40" time="3.863" timestamp="2026-07-19T19:19:10.194410+00:00" hostname="agent-env-0c46a1e2-9fb1-402f-9dc8-6ecf2f7dd15b"><testcase classname="tests.test_sanctuary_api" name="test_health" time="0.145" /><testcase classname="tests.test_sanctuary_api" name="test_categories" time="0.054" /><testcase classname="tests.test_sanctuary_api" name="test_list_testimonies" time="0.050" /><testcase classname="tests.test_sanctuary_api" name="test_home_feed" time="0.053" /><testcase classname="tests.test_sanctuary_api" name="test_get_testimony_and_404" time="0.142" /><testcase classname="tests.test_sanctuary_api" name="test_patch_favorite" time="0.187" /><testcase classname="tests.test_sanctuary_api" name="test_search_all_peace" time="0.050" /><testcase classname="tests.test_sanctuary_api" name="test_search_by_speaker_jenkins" time="0.049" /><testcase classname="tests.test_sanctuary_api" name="test_transcript_upload_english" time="0.156" /><testcase classname="tests.test_sanctuary_api" name="test_transcript_upload_telugu_and_upsert" time="0.112" /><testcase classname="tests.test_sanctuary_api" name="test_transcript_invalid_language" time="0.046" /><testcase classname="tests.test_sanctuary_api" name="test_media_serving" time="0.123" /><testcase classname="tests.test_sanctuary_api" name="test_media_404" time="0.054" /><testcase classname="tests.test_sanctuary_api" name="test_no_mongo_id_leak" time="0.148" /><testcase classname="tests.test_sanctuary_v2" name="test_health_ok" time="0.091" /><testcase classname="tests.test_sanctuary_v2" name="test_ready_ok" time="0.041" /><testcase classname="tests.test_sanctuary_v2" name="test_security_headers_and_request_id" time="0.046" /><testcase classname="tests.test_sanctuary_v2" name="test_progress_updates_and_home_reflects" time="0.134" /><testcase classname="tests.test_sanctuary_v2" name="test_progress_id_mismatch_returns_400" time="0.043" /><testcase classname="tests.test_sanctuary_v2" name="test_notes_create_and_list_scoped" time="0.127" /><testcase classname="tests.test_sanctuary_v2" name="test_notes_update" time="0.089" /><testcase classname="tests.test_sanctuary_v2" name="test_notes_delete_and_scope_isolation" time="0.175" /><testcase classname="tests.test_sanctuary_v2" name="test_highlights_create_list_scoped" time="0.170" /><testcase classname="tests.test_sanctuary_v2" name="test_highlights_delete" time="0.087" /><testcase classname="tests.test_sanctuary_v2" name="test_history_returns_with_embedded_testimony" time="0.098" /><testcase classname="tests.test_sanctuary_v2" name="test_history_clear" time="0.081" /><testcase classname="tests.test_sanctuary_v2" name="test_analytics_event_play_start_increments_play_count" time="0.165" /><testcase classname="tests.test_sanctuary_v2" name="test_analytics_generic_event_does_not_touch_play_count" time="0.128" /><testcase classname="tests.test_sanctuary_v2" name="test_search_fields[all]" time="0.041" /><testcase classname="tests.test_sanctuary_v2" name="test_search_fields[title]" time="0.083" /><testcase classname="tests.test_sanctuary_v2" name="test_search_fields[speaker]" time="0.043" /><testcase classname="tests.test_sanctuary_v2" name="test_search_fields[category]" time="0.043" /><testcase classname="tests.test_sanctuary_v2" name="test_search_fields[language]" time="0.043" /><testcase classname="tests.test_sanctuary_v2" name="test_search_fields[verse]" time="0.045" /><testcase classname="tests.test_sanctuary_v2" name="test_search_fields[transcript]" time="0.048" /><testcase classname="tests.test_sanctuary_v2" name="test_patch_favorite_persists_and_filters" time="0.135" /><testcase classname="tests.test_sanctuary_v2" name="test_transcript_english_upload_and_get" time="0.092" /><testcase classname="tests.test_sanctuary_v2" name="test_transcript_invalid_language" time="0.041" /><testcase classname="tests.test_sanctuary_v2" name="test_transcript_rejects_oversized_file" time="0.083" /><testcase classname="tests.test_sanctuary_v2" name="test_no_mongo_id_leak_across_endpoints" time="0.256" /></testsuite></testsuites>