<?xml version="1.0" encoding="utf-8"?><testsuites name="pytest tests"><testsuite name="pytest" errors="0" failures="0" skipped="0" tests="70" time="71.382" timestamp="2026-07-20T15:03:05.562696+00:00" hostname="agent-env-d145f490-caae-428e-9047-c3e55d9d47bb"><testcase classname="tests.backend_test.TestSermons" name="test_create_sermon" time="0.690" /><testcase classname="tests.backend_test.TestMobile" name="test_setup" time="1.202" /><testcase classname="tests.backend_test.TestSermons" name="test_get_sermon" time="0.065" /><testcase classname="tests.backend_test.TestSermons" name="test_list_sermons_with_filters" time="0.057" /><testcase classname="tests.backend_test.TestSermons" name="test_update_sermon" time="0.130" /><testcase classname="tests.backend_test.TestSermons" name="test_publish_sermon" time="0.125" /><testcase classname="tests.backend_test.TestSermons" name="test_unpublish_sermon" time="0.161" /><testcase classname="tests.backend_test.TestMobile" name="test_mobile_sermons_public_no_auth" time="0.160" /><testcase classname="tests.backend_test.TestSermons" name="test_toggle_featured" time="0.118" /><testcase classname="tests.backend_test.TestSermons" name="test_archive_and_restore" time="0.346" /><testcase classname="tests.backend_test.TestMobile" name="test_mobile_sermon_detail_404_for_draft" time="0.103" /><testcase classname="tests.backend_test.TestMobile" name="test_mobile_sermon_detail_ok_for_published" time="0.106" /><testcase classname="tests.backend_test.TestMobile" name="test_mobile_meetings" time="0.145" /><testcase classname="tests.backend_test.TestSermons" name="test_duplicate_sermon" time="0.122" /><testcase classname="tests.backend_test.TestMobile" name="test_mobile_categories" time="0.156" /><testcase classname="tests.backend_test.TestSermons" name="test_bulk_action_publish" time="0.291" /><testcase classname="tests.backend_test.TestMobile" name="test_mobile_home" time="0.108" /><testcase classname="tests.backend_test.TestMobile" name="test_mobile_analytics_play_increments" time="0.318" /><testcase classname="tests.backend_test.TestSermons" name="test_bulk_action_assign_category" time="0.477" /><testcase classname="tests.backend_test.TestMobile" name="test_cleanup" time="0.330" /><testcase classname="tests.backend_test.TestSermons" name="test_delete_sermon" time="0.177" /><testcase classname="tests.backend_test.TestCategories" name="test_create_category" time="0.074" /><testcase classname="tests.backend_test.TestCategories" name="test_create_duplicate_slug_409" time="0.140" /><testcase classname="tests.backend_test.TestNotifications" name="test_create_notification" time="0.062" /><testcase classname="tests.backend_test.TestNotifications" name="test_list_notifications" time="0.058" /><testcase classname="tests.backend_test.TestCategories" name="test_parent_id_nonexistent_400" time="0.108" /><testcase classname="tests.backend_test.TestNotifications" name="test_patch_notification" time="0.063" /><testcase classname="tests.backend_test.TestNotifications" name="test_schedule_without_schedule_at_400" time="0.062" /><testcase classname="tests.backend_test.TestCategories" name="test_create_child_and_reparent_on_delete" time="0.161" /><testcase classname="tests.backend_test.TestNotifications" name="test_schedule_with_schedule_at_ok" time="0.217" /><testcase classname="tests.backend_test.TestCategories" name="test_list_with_counts" time="0.121" /><testcase classname="tests.backend_test.TestNotifications" name="test_publish_and_cancel" time="0.269" /><testcase classname="tests.backend_test.TestCategories" name="test_assign_and_unassign" time="0.711" /><testcase classname="tests.backend_test.TestNotifications" name="test_delete_notification" time="0.107" /><testcase classname="tests.backend_test.TestAuth" name="test_login_success" time="0.374" /><testcase classname="tests.backend_test.TestCategories" name="test_delete_reparents_children" time="0.446" /><testcase classname="tests.backend_test.TestAuth" name="test_login_wrong_password_401" time="0.375" /><testcase classname="tests.backend_test.TestAuth" name="test_me_requires_auth" time="0.109" /><testcase classname="tests.backend_test.TestMeetings" name="test_create_meeting" time="0.066" /><testcase classname="tests.backend_test.TestMeetings" name="test_list_meetings" time="0.073" /><testcase classname="tests.backend_test.TestAuth" name="test_me_with_cookies" time="0.058" /><testcase classname="tests.backend_test.TestAuth" name="test_logout_clears_cookies" time="0.425" /><testcase classname="tests.backend_test.TestMeetings" name="test_update_meeting" time="0.326" /><testcase classname="tests.backend_test.TestMeetings" name="test_publish_meeting" time="0.149" /><testcase classname="tests.backend_test.TestAuth" name="test_protected_admin_endpoints_require_auth" time="1.102" /><testcase classname="tests.backend_test.TestMeetings" name="test_archive_and_restore_meeting" time="0.334" /><testcase classname="tests.backend_test.TestMeetings" name="test_delete_meeting" time="0.070" /><testcase classname="tests.backend_test.TestDashboard" name="test_stats" time="0.081" /><testcase classname="tests.backend_test.TestDashboard" name="test_recent_sermons" time="0.071" /><testcase classname="tests.backend_test.TestDashboard" name="test_recent_imports" time="0.075" /><testcase classname="tests.backend_test.TestDashboard" name="test_upcoming_meetings" time="0.070" /><testcase classname="tests.backend_test.TestDashboard" name="test_activity_dashboard" time="0.071" /><testcase classname="tests.backend_test.TestHomeManagement" name="test_get_home_defaults" time="0.069" /><testcase classname="tests.backend_test.TestHomeManagement" name="test_patch_home" time="0.073" /><testcase classname="tests.backend_test.TestHomeManagement" name="test_no_500_with_invalid_ids" time="0.447" /><testcase classname="tests.backend_test.TestMedia" name="test_upload_artwork" time="0.355" /><testcase classname="tests.backend_test.TestImportCenter" name="test_preview" time="0.726" /><testcase classname="tests.backend_test.TestMedia" name="test_list_media" time="0.070" /><testcase classname="tests.backend_test.TestMedia" name="test_usage" time="0.060" /><testcase classname="tests.backend_test.TestMedia" name="test_serve_file" time="0.187" /><testcase classname="tests.backend_test.TestMedia" name="test_replace_media" time="0.329" /><testcase classname="tests.backend_test.TestMedia" name="test_soft_delete" time="0.191" /><testcase classname="tests.backend_test.TestImportCenter" name="test_publish_import" time="0.139" /><testcase classname="tests.backend_test.TestActivityLog" name="test_list_activity" time="0.375" /><testcase classname="tests.backend_test.TestSettings" name="test_get_settings_defaults" time="0.068" /><testcase classname="tests.backend_test.TestSettings" name="test_patch_settings" time="0.142" /><testcase classname="tests.backend_test.TestBruteForce" name="test_lockout_after_5_failures" time="62.453" /><testcase classname="tests.backend_test.TestActivityLog" name="test_filter_by_entity_and_status" time="0.056" /><testcase classname="tests.backend_test" name="test_health" time="0.122" /><testcase classname="tests.backend_test.TestRateLimit" name="test_login_rate_limit" time="0.799" /></testsuite></testsuites>